<?xml version="1.0" encoding="UTF-8"?>
<testng-results skipped="0" failed="0" total="1" passed="1">
  <reporter-output>
  </reporter-output>
  <suite name="Default suite" duration-ms="266" started-at="2016-07-13T05:00:35Z" finished-at="2016-07-13T05:00:36Z">
    <groups>
    </groups>
    <test name="Default test" duration-ms="266" started-at="2016-07-13T05:00:35Z" finished-at="2016-07-13T05:00:36Z">
      <class name="code.log4jtest">
        <test-method status="PASS" signature="testappender()[pri:0, instance:code.log4jtest@2344fc66]" name="testappender" duration-ms="250" started-at="2016-07-13T10:30:35Z" finished-at="2016-07-13T10:30:36Z">
          <reporter-output>
          </reporter-output>
        </test-method> <!-- testappender -->
      </class> <!-- code.log4jtest -->
    </test> <!-- Default test -->
  </suite> <!-- Default suite -->
</testng-results>
